<?xml version="1.0" encoding="UTF-8"?>
<testsuite name="ece651.sp22.yy340.battleship.RectangleShipTest" tests="6" skipped="0" failures="0" errors="0" timestamp="2022-02-16T20:16:44" hostname="dianyu-XPS-15-9550" time="0.006">
  <properties/>
  <testcase name="test_coordinate_not_in_ship()" classname="ece651.sp22.yy340.battleship.RectangleShipTest" time="0.001"/>
  <testcase name="test_constructor()" classname="ece651.sp22.yy340.battleship.RectangleShipTest" time="0.001"/>
  <testcase name="test_sunk()" classname="ece651.sp22.yy340.battleship.RectangleShipTest" time="0.0"/>
  <testcase name="test_hit()" classname="ece651.sp22.yy340.battleship.RectangleShipTest" time="0.0"/>
  <testcase name="test_make_coords()" classname="ece651.sp22.yy340.battleship.RectangleShipTest" time="0.001"/>
  <testcase name="test_occupiesCoordinates()" classname="ece651.sp22.yy340.battleship.RectangleShipTest" time="0.001"/>
  <system-out><![CDATA[]]></system-out>
  <system-err><![CDATA[]]></system-err>
</testsuite>
