<?xml version="1.0" encoding="UTF-8"?>
<testsuite name="ece651.sp22.yy340.battleship.AppTest" tests="3" skipped="0" failures="0" errors="0" timestamp="2022-02-05T08:39:35" hostname="dianyu-XPS-15-9550" time="0.045">
  <properties/>
  <testcase name="test_main()" classname="ece651.sp22.yy340.battleship.AppTest" time="0.041"/>
  <testcase name="test_do_one_placement()" classname="ece651.sp22.yy340.battleship.AppTest" time="0.001"/>
  <testcase name="test_read_placement()" classname="ece651.sp22.yy340.battleship.AppTest" time="0.001"/>
  <system-out><![CDATA[]]></system-out>
  <system-err><![CDATA[]]></system-err>
</testsuite>
