<?xml version="1.0" encoding="UTF-8"?>
<testsuite name="ece651.sp22.yy340.battleship.BattleShipBoardTest" tests="3" skipped="0" failures="0" errors="0" timestamp="2022-02-05T11:03:17" hostname="dianyu-XPS-15-9550" time="0.006">
  <properties/>
  <testcase name="test_Ship_Array()" classname="ece651.sp22.yy340.battleship.BattleShipBoardTest" time="0.001"/>
  <testcase name="test_width_and_height()" classname="ece651.sp22.yy340.battleship.BattleShipBoardTest" time="0.0"/>
  <testcase name="test_invalid_dimensions()" classname="ece651.sp22.yy340.battleship.BattleShipBoardTest" time="0.003"/>
  <system-out><![CDATA[]]></system-out>
  <system-err><![CDATA[]]></system-err>
</testsuite>
