<?xml version="1.0" encoding="UTF-8"?>
<testsuite name="ece651.sp22.yy340.battleship.CoordinateTest" tests="5" skipped="0" failures="0" errors="0" timestamp="2022-02-05T10:35:16" hostname="dianyu-XPS-15-9550" time="0.007">
  <properties/>
  <testcase name="test_string_constructor_valid_cases()" classname="ece651.sp22.yy340.battleship.CoordinateTest" time="0.0"/>
  <testcase name="test_hashCode()" classname="ece651.sp22.yy340.battleship.CoordinateTest" time="0.001"/>
  <testcase name="test_string_constructor_error_cases()" classname="ece651.sp22.yy340.battleship.CoordinateTest" time="0.003"/>
  <testcase name="test_equals()" classname="ece651.sp22.yy340.battleship.CoordinateTest" time="0.001"/>
  <testcase name="test_toString()" classname="ece651.sp22.yy340.battleship.CoordinateTest" time="0.001"/>
  <system-out><![CDATA[]]></system-out>
  <system-err><![CDATA[]]></system-err>
</testsuite>
